<?xml version="1.0" encoding="UTF-8"?>
<testsuite name="ru.codebattle.client.bot.algorithms.astar.AStarSearchTest" tests="1" skipped="0" failures="0" errors="0" timestamp="2021-04-25T13:18:40" hostname="AlexMac.local" time="0.44">
  <properties/>
  <testcase name="testPathConstructor()" classname="ru.codebattle.client.bot.algorithms.astar.AStarSearchTest" time="0.44"/>
  <system-out><![CDATA[[[4,12], [5,14], [2,12], [5,19], [16,11], [1,18], [6,24], [1,19], [18,11], [3,24], [21,11], [18,16], [3,25], [16,6], [17,17], [16,5], [6,29], [17,5], [12,24], [18,6], [22,16], [3,29], [3,31], [26,16], [25,17], [2,34], [24,3], [25,3], [31,7], [26,22], [25,23], [27,1], [30,4], [26,24], [15,35], [32,4], [39,13], [28,24], [34,4], [1,44], [16,41], [35,2], [42,16], [10,49], [42,6], [36,24], [40,3], [40,1], [45,6], [19,45], [36,29], [49,6], [50,7], [53,9], [48,20], [47,1], [48,1], [52,5], [56,9], [49,1], [53,5], [50,2], [54,5], [56,21], [39,42], [37,52], [53,38], [52,46], [49,49], [46,54]]
Actual GoldBag: [4,12]
Initial Position: [6,12]
18:18:40.645 [Test worker] INFO  r.c.c.b.algorithms.astar.AStarSearch - PATH CONSTRUCTED: [[6,12]]
18:18:40.650 [Test worker] INFO  r.c.c.b.algorithms.astar.AStarSearch - PATH CONSTRUCTED: [[6,12], [6,11]]
18:18:40.651 [Test worker] INFO  r.c.c.b.algorithms.astar.AStarSearch - PATH CONSTRUCTED: [[6,12], [6,11], [7,11]]
18:18:40.652 [Test worker] INFO  r.c.c.b.algorithms.astar.AStarSearch - PATH CONSTRUCTED: [[6,12], [6,11], [7,11], [8,11]]
18:18:40.652 [Test worker] INFO  r.c.c.b.algorithms.astar.AStarSearch - PATH CONSTRUCTED: [[6,12], [6,11], [7,11], [8,11], [9,11]]
18:18:40.652 [Test worker] ERROR r.c.c.b.algorithms.astar.AStarSearch - NO CORRECT PATH FOUND
18:18:40.654 [Test worker] INFO  r.c.c.b.algorithms.astar.AStarSearch - Final Path: [[6,12], [6,11], [7,11], [8,11], [9,11]]
18:18:40.655 [Test worker] INFO  r.c.c.bot.algorithms.PathConstructor - Commands input:[GO_UP, GO_RIGHT, GO_RIGHT, GO_RIGHT]
[GO_UP, GO_RIGHT, GO_RIGHT, GO_RIGHT]
Time Elapsed : 0.001
Actual GoldBag: [5,14]
18:18:40.661 [Test worker] INFO  r.c.c.b.algorithms.astar.AStarSearch - PATH CONSTRUCTED: [[6,12]]
18:18:40.662 [Test worker] INFO  r.c.c.b.algorithms.astar.AStarSearch - PATH CONSTRUCTED: [[6,12], [7,12]]
18:18:40.663 [Test worker] INFO  r.c.c.b.algorithms.astar.AStarSearch - PATH CONSTRUCTED: [[6,12], [6,11], [7,11], [8,11], [9,11], [9,12]]
18:18:40.664 [Test worker] INFO  r.c.c.b.algorithms.astar.AStarSearch - PATH CONSTRUCTED: [[6,12], [6,11], [7,11], [8,11], [9,11], [9,12], [9,13]]
18:18:40.665 [Test worker] INFO  r.c.c.b.algorithms.astar.AStarSearch - PATH CONSTRUCTED: [[6,12], [6,11], [7,11], [8,11], [9,11], [9,12], [9,13], [9,14]]
18:18:40.666 [Test worker] ERROR r.c.c.b.algorithms.astar.AStarSearch - NO CORRECT PATH FOUND
18:18:40.667 [Test worker] INFO  r.c.c.b.algorithms.astar.AStarSearch - Final Path: [[6,12], [6,11], [7,11], [8,11], [9,11], [9,12], [9,13], [9,14]]
18:18:40.667 [Test worker] INFO  r.c.c.bot.algorithms.PathConstructor - Commands input:[GO_UP, GO_RIGHT, GO_RIGHT, GO_RIGHT, GO_RIGHT, GO_RIGHT, GO_RIGHT]
[GO_UP, GO_RIGHT, GO_RIGHT, GO_RIGHT, GO_RIGHT, GO_RIGHT, GO_RIGHT]
Time Elapsed : 0.0
[]
]]></system-out>
  <system-err><![CDATA[]]></system-err>
</testsuite>
