<?xml version="1.0" encoding="UTF-8"?>
<testsuite name="ru.codebattle.client.bot.behaviuors.BehaviourControllerTest" tests="1" skipped="0" failures="0" errors="0" timestamp="2021-04-23T18:22:59" hostname="AlexMac.local" time="0.028">
  <properties/>
  <testcase name="testGetBehaviour()" classname="ru.codebattle.client.bot.behaviuors.BehaviourControllerTest" time="0.028"/>
  <system-out><![CDATA[23:22:59.901 [Test worker] INFO  r.c.c.b.b.BehaviourController - Good to Go!
Seconds elapsed: 0.0
DO_NOTHING
]]></system-out>
  <system-err><![CDATA[]]></system-err>
</testsuite>
