<?xml version="1.0" encoding="UTF-8"?>
<testsuite name="ru.codebattle.client.bot.algorithms.astar.AStarSearchTest" tests="1" skipped="0" failures="0" errors="0" timestamp="2021-04-24T21:08:18" hostname="AlexMac.local" time="0.136">
  <properties/>
  <testcase name="cunstructPath()" classname="ru.codebattle.client.bot.algorithms.astar.AStarSearchTest" time="0.136"/>
  <system-out><![CDATA[[[15,8], [14,5], [15,10], [14,11], [15,5], [9,8], [16,5], [11,6], [15,3], [11,4], [11,3], [20,5], [19,3], [11,1], [10,1], [6,5], [21,3], [5,5], [5,3], [12,20], [11,20], [20,17], [10,19], [9,19], [14,24], [24,1], [7,18], [16,24], [31,7], [12,24], [6,18], [26,1], [5,18], [5,19], [31,4], [32,5], [20,24], [32,4], [33,5], [2,18], [24,20], [24,22], [6,24], [12,31], [33,14], [27,20], [25,22], [14,34], [25,23], [33,16], [27,22], [14,35], [35,16], [27,25], [17,35], [33,20], [9,34], [43,10], [38,16], [6,33], [30,25], [5,33], [32,24], [10,38], [4,33], [46,5], [45,3], [41,17], [3,33], [8,38], [11,41], [7,38], [42,18], [20,40], [45,1], [4,36], [31,30], [21,40], [4,38], [47,1], [2,36], [48,14], [51,4], [21,42], [4,40], [36,29], [32,33], [21,45], [43,24], [26,41], [3,43], [55,2], [2,43], [56,2], [1,43], [56,14], [52,18], [20,50], [17,53], [51,20], [47,24], [56,16], [42,31], [41,33], [2,48], [30,45], [28,47], [53,23], [49,27], [31,46], [41,37], [26,52], [30,48], [45,34], [42,37], [49,30], [35,46], [31,51], [38,45], [39,45], [54,31], [42,45], [40,47], [45,42], [52,36], [47,42], [45,46], [42,52], [48,47], [54,42], [44,52], [44,53], [48,49], [55,46], [53,49], [53,51], [53,53], [51,55], [54,53]]
02:08:18.992 [Test worker] INFO  r.c.c.b.algorithms.astar.AStarSearch - FOUND! : [15,8]
02:08:18.994 [Test worker] INFO  r.c.c.b.algorithms.astar.AStarSearch - PATH CONSTRUCTED: [[14,8], [15,8]]
Time Elapsed : 0.109
Actual GoldBag: [15,8]
Initial Position: [14,8]
[[14,8], [15,8]]
]]></system-out>
  <system-err><![CDATA[]]></system-err>
</testsuite>
