<?xml version="1.0" encoding="UTF-8"?>
<testsuite name="ru.codebattle.client.bot.trackers.EnemyTrackerTest" tests="4" skipped="0" failures="0" errors="0" timestamp="2021-04-23T18:01:42" hostname="AlexMac.local" time="0.142">
  <properties/>
  <testcase name="testGetEnemyPositioning()" classname="ru.codebattle.client.bot.trackers.EnemyTrackerTest" time="0.023"/>
  <testcase name="testGetEnemyOnSamePlane()" classname="ru.codebattle.client.bot.trackers.EnemyTrackerTest" time="0.019"/>
  <testcase name="testGetEnemyInQuadrant()" classname="ru.codebattle.client.bot.trackers.EnemyTrackerTest" time="0.01"/>
  <testcase name="testIsNearestEnemyBehind()" classname="ru.codebattle.client.bot.trackers.EnemyTrackerTest" time="0.013"/>
  <system-out><![CDATA[[16,14]
2
[[13,14], [21,14]]
Seconds elapsed: 0.0
[16,14]
[[1,15], [41,12], [13,14], [21,14]]
[[1,15], [1,30], [23,46], [33,9], [41,12], [13,14], [21,14], [17,36], [30,49], [41,8], [16,27], [10,37]]
Seconds elapsed: 0.0
[16,14]
[[13,14], [21,14]]
[[1,15], [1,30], [23,46], [33,9], [41,12], [13,14], [21,14], [17,36], [30,49], [41,8], [16,27], [10,37]]
Seconds elapsed: 0.0
[16,14]
[[13,14], [21,14]]
Seconds elapsed: 0.0
]]></system-out>
  <system-err><![CDATA[]]></system-err>
</testsuite>
