<?xml version="1.0" encoding="UTF-8"?>
<testsuite name="ru.codebattle.client.bot.trackers.EnemyTrackerTest" tests="1" skipped="0" failures="0" errors="0" timestamp="2021-04-23T14:33:31" hostname="AlexMac.local" time="0.033">
  <properties/>
  <testcase name="testGetEnemyInQuadrant()" classname="ru.codebattle.client.bot.trackers.EnemyTrackerTest" time="0.033"/>
  <system-out><![CDATA[[52,6]
[]
[[1,15], [1,30], [23,46], [33,9], [41,12], [17,36], [30,49], [41,8], [16,27], [10,37]]
Seconds elapsed: 0.0
]]></system-out>
  <system-err><![CDATA[]]></system-err>
</testsuite>
